2015-07-02 14:24:38.546+0000 INFO  [API] Setting startup timeout to: 120000ms based on 120000
2015-07-02 14:25:47.492+0000 INFO  [API] Successfully started database
2015-07-02 14:25:51.907+0000 INFO  [API] Starting HTTP on port :7474 with 2 threads available
2015-07-02 14:25:58.356+0000 INFO  [API] Enabling HTTPS on port :7473
2015-07-02 14:25:58.379+0000 INFO  [API] No SSL certificate found, generating a self-signed certificate..
16:25:59.895 [main] INFO  org.eclipse.jetty.util.log - Logging initialized @89973ms
2015-07-02 14:26:00.060+0000 INFO  [API] Mounting static content at [/webadmin] from [webadmin-html]
2015-07-02 14:26:00.255+0000 INFO  [API] Mounting static content at [/browser] from [browser]
16:26:00.268 [main] INFO  org.eclipse.jetty.server.Server - jetty-9.2.4.v20141103
16:26:00.402 [main] INFO  o.e.j.server.handler.ContextHandler - Started o.e.j.s.h.MovedContextHandler@5bbcca96{/,null,AVAILABLE}
16:26:00.777 [main] INFO  o.e.j.w.StandardDescriptorProcessor - NO JSP Support for /webadmin, did not find org.apache.jasper.servlet.JspServlet
16:26:00.934 [main] INFO  o.e.j.server.handler.ContextHandler - Started o.e.j.w.WebAppContext@708d284e{/webadmin,jar:file:/Users/FrappoMacBook/Desktop/neo4j-community-2.2.3/system/lib/neo4j-server-2.2.3-static-web.jar!/webadmin-html,AVAILABLE}
16:26:03.505 [main] INFO  o.e.j.server.handler.ContextHandler - Started o.e.j.s.ServletContextHandler@2cf127d3{/db/manage,null,AVAILABLE}
16:26:04.655 [main] INFO  o.e.j.server.handler.ContextHandler - Started o.e.j.s.ServletContextHandler@17310407{/db/data,null,AVAILABLE}
16:26:04.749 [main] INFO  o.e.j.w.StandardDescriptorProcessor - NO JSP Support for /browser, did not find org.apache.jasper.servlet.JspServlet
16:26:04.750 [main] INFO  o.e.j.server.handler.ContextHandler - Started o.e.j.w.WebAppContext@296744d4{/browser,jar:file:/Users/FrappoMacBook/Desktop/neo4j-community-2.2.3/system/lib/neo4j-browser-2.2.3.jar!/browser,AVAILABLE}
16:26:05.002 [main] INFO  o.e.j.server.handler.ContextHandler - Started o.e.j.s.ServletContextHandler@74fddef4{/,null,AVAILABLE}
16:26:05.493 [main] INFO  o.e.jetty.server.ServerConnector - Started ServerConnector@706d01fc{HTTP/1.1}{localhost:7474}
16:26:07.733 [main] INFO  o.e.jetty.server.ServerConnector - Started ServerConnector@7b390f4f{SSL-HTTP/1.1}{localhost:7473}
16:26:07.734 [main] INFO  org.eclipse.jetty.server.Server - Started @97862ms
2015-07-02 14:26:07.734+0000 INFO  [API] Server started on: http://localhost:7474/
2015-07-02 14:26:07.749+0000 INFO  [API] Remote interface ready and available at [http://localhost:7474/]
2015-07-02 14:42:39.196+0000 INFO  [API] Setting startup timeout to: 120000ms based on 120000
Detected incorrectly shut down database, performing recovery..
2015-07-02 14:42:42.607+0000 INFO  [API] Successfully started database
2015-07-02 14:42:42.781+0000 INFO  [API] Starting HTTP on port :7474 with 2 threads available
2015-07-02 14:42:43.137+0000 INFO  [API] Enabling HTTPS on port :7473
16:42:43.374 [main] INFO  org.eclipse.jetty.util.log - Logging initialized @5655ms
2015-07-02 14:42:43.458+0000 INFO  [API] Mounting static content at [/webadmin] from [webadmin-html]
2015-07-02 14:42:43.524+0000 INFO  [API] Mounting static content at [/browser] from [browser]
16:42:43.532 [main] INFO  org.eclipse.jetty.server.Server - jetty-9.2.4.v20141103
16:42:43.568 [main] INFO  o.e.j.server.handler.ContextHandler - Started o.e.j.s.h.MovedContextHandler@45627a7f{/,null,AVAILABLE}
16:42:43.768 [main] INFO  o.e.j.w.StandardDescriptorProcessor - NO JSP Support for /webadmin, did not find org.apache.jasper.servlet.JspServlet
16:42:43.801 [main] INFO  o.e.j.server.handler.ContextHandler - Started o.e.j.w.WebAppContext@319a5a81{/webadmin,jar:file:/Users/FrappoMacBook/git/TestNeo4j2Luglio/util/neo4j-community-2.2.3/system/lib/neo4j-server-2.2.3-static-web.jar!/webadmin-html,AVAILABLE}
16:42:44.519 [main] INFO  o.e.j.server.handler.ContextHandler - Started o.e.j.s.ServletContextHandler@2cd123a5{/db/manage,null,AVAILABLE}
16:42:44.854 [main] INFO  o.e.j.server.handler.ContextHandler - Started o.e.j.s.ServletContextHandler@2773c9eb{/db/data,null,AVAILABLE}
16:42:44.894 [main] INFO  o.e.j.w.StandardDescriptorProcessor - NO JSP Support for /browser, did not find org.apache.jasper.servlet.JspServlet
16:42:44.896 [main] INFO  o.e.j.server.handler.ContextHandler - Started o.e.j.w.WebAppContext@458eac8a{/browser,jar:file:/Users/FrappoMacBook/git/TestNeo4j2Luglio/util/neo4j-community-2.2.3/system/lib/neo4j-browser-2.2.3.jar!/browser,AVAILABLE}
16:42:45.146 [main] INFO  o.e.j.server.handler.ContextHandler - Started o.e.j.s.ServletContextHandler@57b4fa0f{/,null,AVAILABLE}
16:42:45.175 [main] INFO  o.e.jetty.server.ServerConnector - Started ServerConnector@78990400{HTTP/1.1}{localhost:7474}
16:42:45.387 [main] INFO  o.e.jetty.server.ServerConnector - Started ServerConnector@88a0c6e{SSL-HTTP/1.1}{localhost:7473}
16:42:45.388 [main] INFO  org.eclipse.jetty.server.Server - Started @7676ms
2015-07-02 14:42:45.388+0000 INFO  [API] Server started on: http://localhost:7474/
2015-07-02 14:42:45.389+0000 INFO  [API] Remote interface ready and available at [http://localhost:7474/]
2015-07-02 14:42:58.527+0000 INFO  [API] Failed authentication attempt for 'neo4j' from 127.0.0.1
2015-07-02 14:43:08.148+0000 INFO  [API] Failed authentication attempt for 'neo4j' from 127.0.0.1
2015-07-02 14:43:17.656+0000 INFO  [API] Failed authentication attempt for 'bigdata' from 127.0.0.1
2015-07-02 15:06:59.676+0000 INFO  [API] Neo4j Server shutdown initiated by request
17:06:59.994 [Thread-12] INFO  o.e.jetty.server.ServerConnector - Stopped ServerConnector@78990400{HTTP/1.1}{localhost:7474}
17:06:59.995 [Thread-12] INFO  o.e.jetty.server.ServerConnector - Stopped ServerConnector@88a0c6e{SSL-HTTP/1.1}{localhost:7473}
17:07:00.043 [Thread-12] INFO  o.e.j.server.handler.ContextHandler - Stopped o.e.j.s.ServletContextHandler@57b4fa0f{/,null,UNAVAILABLE}
17:07:00.045 [Thread-12] INFO  o.e.j.server.handler.ContextHandler - Stopped o.e.j.w.WebAppContext@458eac8a{/browser,jar:file:/Users/FrappoMacBook/git/TestNeo4j2Luglio/util/neo4j-community-2.2.3/system/lib/neo4j-browser-2.2.3.jar!/browser,UNAVAILABLE}
17:07:00.098 [Thread-12] INFO  o.e.j.server.handler.ContextHandler - Stopped o.e.j.s.ServletContextHandler@2773c9eb{/db/data,null,UNAVAILABLE}
17:07:00.099 [Thread-12] INFO  o.e.j.server.handler.ContextHandler - Stopped o.e.j.s.ServletContextHandler@2cd123a5{/db/manage,null,UNAVAILABLE}
17:07:00.102 [Thread-12] INFO  o.e.j.server.handler.ContextHandler - Stopped o.e.j.w.WebAppContext@319a5a81{/webadmin,jar:file:/Users/FrappoMacBook/git/TestNeo4j2Luglio/util/neo4j-community-2.2.3/system/lib/neo4j-server-2.2.3-static-web.jar!/webadmin-html,UNAVAILABLE}
17:07:00.134 [Thread-12] INFO  o.e.j.server.handler.ContextHandler - Stopped o.e.j.s.h.MovedContextHandler@45627a7f{/,null,UNAVAILABLE}
2015-07-02 15:07:00.222+0000 INFO  [API] Successfully shutdown Neo4j Server.
2015-07-02 15:07:01.438+0000 INFO  [API] Successfully stopped database
2015-07-02 15:07:01.439+0000 INFO  [API] Successfully shutdown database.
2015-07-02 15:08:52.632+0000 INFO  [API] Setting startup timeout to: 120000ms based on 120000
Detected incorrectly shut down database, performing recovery..
2015-07-02 15:08:57.433+0000 INFO  [API] Successfully started database
2015-07-02 15:08:57.790+0000 INFO  [API] Starting HTTP on port :7474 with 2 threads available
2015-07-02 15:08:58.384+0000 INFO  [API] Enabling HTTPS on port :7473
17:08:58.972 [main] INFO  org.eclipse.jetty.util.log - Logging initialized @8731ms
2015-07-02 15:08:59.100+0000 INFO  [API] Mounting static content at [/webadmin] from [webadmin-html]
2015-07-02 15:08:59.219+0000 INFO  [API] Mounting static content at [/browser] from [browser]
17:08:59.224 [main] INFO  org.eclipse.jetty.server.Server - jetty-9.2.4.v20141103
17:08:59.330 [main] INFO  o.e.j.server.handler.ContextHandler - Started o.e.j.s.h.MovedContextHandler@45627a7f{/,null,AVAILABLE}
17:08:59.474 [main] INFO  o.e.j.w.StandardDescriptorProcessor - NO JSP Support for /webadmin, did not find org.apache.jasper.servlet.JspServlet
17:08:59.513 [main] INFO  o.e.j.server.handler.ContextHandler - Started o.e.j.w.WebAppContext@319a5a81{/webadmin,jar:file:/Users/FrappoMacBook/git/TestNeo4j2Luglio/util/neo4j-community-2.2.3/system/lib/neo4j-server-2.2.3-static-web.jar!/webadmin-html,AVAILABLE}
17:09:00.637 [main] INFO  o.e.j.server.handler.ContextHandler - Started o.e.j.s.ServletContextHandler@197bf9db{/db/manage,null,AVAILABLE}
17:09:01.030 [main] INFO  o.e.j.server.handler.ContextHandler - Started o.e.j.s.ServletContextHandler@32aa930d{/db/data,null,AVAILABLE}
17:09:01.050 [main] INFO  o.e.j.w.StandardDescriptorProcessor - NO JSP Support for /browser, did not find org.apache.jasper.servlet.JspServlet
17:09:01.053 [main] INFO  o.e.j.server.handler.ContextHandler - Started o.e.j.w.WebAppContext@33266912{/browser,jar:file:/Users/FrappoMacBook/git/TestNeo4j2Luglio/util/neo4j-community-2.2.3/system/lib/neo4j-browser-2.2.3.jar!/browser,AVAILABLE}
17:09:01.236 [main] INFO  o.e.j.server.handler.ContextHandler - Started o.e.j.s.ServletContextHandler@b08501a{/,null,AVAILABLE}
17:09:01.426 [main] INFO  o.e.jetty.server.ServerConnector - Started ServerConnector@37d31536{HTTP/1.1}{localhost:7474}
17:09:01.927 [main] INFO  o.e.jetty.server.ServerConnector - Started ServerConnector@2f48d126{SSL-HTTP/1.1}{localhost:7473}
17:09:01.927 [main] INFO  org.eclipse.jetty.server.Server - Started @11692ms
2015-07-02 15:09:01.927+0000 INFO  [API] Server started on: http://localhost:7474/
2015-07-02 15:09:01.927+0000 INFO  [API] Remote interface ready and available at [http://localhost:7474/]
2015-07-02 15:16:24.957+0000 INFO  [API] Neo4j Server shutdown initiated by request
17:16:24.969 [Thread-12] INFO  o.e.jetty.server.ServerConnector - Stopped ServerConnector@37d31536{HTTP/1.1}{localhost:7474}
17:16:24.975 [Thread-12] INFO  o.e.jetty.server.ServerConnector - Stopped ServerConnector@2f48d126{SSL-HTTP/1.1}{localhost:7473}
17:16:24.978 [Thread-12] INFO  o.e.j.server.handler.ContextHandler - Stopped o.e.j.s.ServletContextHandler@b08501a{/,null,UNAVAILABLE}
17:16:24.981 [Thread-12] INFO  o.e.j.server.handler.ContextHandler - Stopped o.e.j.w.WebAppContext@33266912{/browser,jar:file:/Users/FrappoMacBook/git/TestNeo4j2Luglio/util/neo4j-community-2.2.3/system/lib/neo4j-browser-2.2.3.jar!/browser,UNAVAILABLE}
17:16:24.982 [Thread-12] INFO  o.e.j.server.handler.ContextHandler - Stopped o.e.j.s.ServletContextHandler@32aa930d{/db/data,null,UNAVAILABLE}
17:16:24.983 [Thread-12] INFO  o.e.j.server.handler.ContextHandler - Stopped o.e.j.s.ServletContextHandler@197bf9db{/db/manage,null,UNAVAILABLE}
17:16:24.984 [Thread-12] INFO  o.e.j.server.handler.ContextHandler - Stopped o.e.j.w.WebAppContext@319a5a81{/webadmin,jar:file:/Users/FrappoMacBook/git/TestNeo4j2Luglio/util/neo4j-community-2.2.3/system/lib/neo4j-server-2.2.3-static-web.jar!/webadmin-html,UNAVAILABLE}
17:16:24.985 [Thread-12] INFO  o.e.j.server.handler.ContextHandler - Stopped o.e.j.s.h.MovedContextHandler@45627a7f{/,null,UNAVAILABLE}
2015-07-02 15:16:24.999+0000 INFO  [API] Successfully shutdown Neo4j Server.
2015-07-02 15:16:25.188+0000 INFO  [API] Successfully stopped database
2015-07-02 15:16:25.188+0000 INFO  [API] Successfully shutdown database.
